[2022-11-11 11:42:18] [ INFO ] [PacienteDaoH2:113] Iniciando la búsqueda del paciente con email=correo@gmail.com
[2022-11-11 11:42:18] [ INFO ] [DomicilioDaoH2:59] Iniciando una operacion de busqueda de un domicilio con id= 2
[2022-11-11 11:42:43] [ INFO ] [PacienteDaoH2:113] Iniciando la búsqueda del paciente con email=PRUEBA@GMAIL.COM
[2022-11-11 11:42:43] [ INFO ] [DomicilioDaoH2:59] Iniciando una operacion de busqueda de un domicilio con id= 1
[2022-11-11 12:03:38] [ INFO ] [OdontologoDaoH2:54] Se inicia la operacion de guardado de ''  con id= 1
[2022-11-11 12:04:51] [ INFO ] [OdontologoDaoH2:54] Se inicia la operacion de guardado de ''  con id= 1
[2022-11-11 12:06:30] [ INFO ] [PacienteDaoH2:114] Iniciando la búsqueda del paciente con email=correo@gmail.com
[2022-11-11 12:06:31] [ INFO ] [DomicilioDaoH2:60] Iniciando una operacion de busqueda de un domicilio con id= 2
[2022-11-11 12:16:30] [ INFO ] [OdontologoDaoH2:54] Se inicia la operacion de guardado de ''  con id= 1
[2022-11-11 12:26:47] [ INFO ] [OdontologoDaoH2:24] Se inicia la operacion de guardado de Damian
[2022-11-11 12:26:48] [ INFO ] [OdontologoDaoH2:24] Se inicia la operacion de guardado de Carlos
[2022-11-11 12:26:48] [ INFO ] [OdontologoDaoH2:133] Iniciando una operacion de buequeda total de los odontologos
[2022-11-11 12:30:40] [ INFO ] [OdontologoDaoH2:24] Se inicia la operacion de guardado de Damian
[2022-11-11 12:30:41] [ INFO ] [OdontologoDaoH2:24] Se inicia la operacion de guardado de Carlos
[2022-11-11 12:30:41] [ INFO ] [OdontologoDaoH2:133] Iniciando una operacion de buequeda total de los odontologos
[2022-11-11 12:30:41] [ INFO ] [OdontologoDaoH2:54] Se inicia la operacion de guardado de ''  con id= 1
[2022-11-11 12:31:29] [ INFO ] [OdontologoDaoH2:24] Se inicia la operacion de guardado de Damian
[2022-11-11 12:31:29] [ INFO ] [OdontologoDaoH2:24] Se inicia la operacion de guardado de Carlos
[2022-11-11 12:31:29] [ INFO ] [OdontologoDaoH2:133] Iniciando una operacion de buequeda total de los odontologos
[2022-11-11 12:31:29] [ INFO ] [OdontologoDaoH2:24] Se inicia la operacion de guardado de Damian
[2022-11-11 12:31:29] [ INFO ] [OdontologoDaoH2:24] Se inicia la operacion de guardado de Carlos
[2022-11-11 12:31:30] [ INFO ] [OdontologoDaoH2:54] Se inicia la operacion de guardado de ''  con id= 1
[2022-11-11 12:32:03] [ INFO ] [OdontologoDaoH2:24] Se inicia la operacion de guardado de Damian
[2022-11-11 12:32:03] [ INFO ] [OdontologoDaoH2:24] Se inicia la operacion de guardado de Carlos
[2022-11-11 12:32:03] [ INFO ] [OdontologoDaoH2:133] Iniciando una operacion de buequeda total de los odontologos
[2022-11-11 12:43:34] [ INFO ] [OdontologoDaoH2:24] Se inicia la operacion de guardado de Damian
[2022-11-11 12:43:34] [ INFO ] [OdontologoDaoH2:24] Se inicia la operacion de guardado de Carlos
[2022-11-11 12:43:34] [ INFO ] [OdontologoDaoH2:133] Iniciando una operacion de buequeda total de los odontologos
[2022-11-11 12:43:35] [ INFO ] [PacienteDaoH2:32] iniciando la busqueda del paciente con id= 1
[2022-11-11 12:43:35] [ INFO ] [DomicilioDaoH2:60] Iniciando una operacion de busqueda de un domicilio con id= 1
[2022-11-11 12:45:54] [ INFO ] [OdontologoDaoH2:54] Se inicia la operacion de guardado de ''  con id= 1
[2022-11-14 13:55:32] [ INFO ] [OdontologoDaoH2:54] Se inicia la operacion de guardado de ''  con id= 1
[2022-11-14 13:56:34] [ INFO ] [OdontologoDaoH2:54] Se inicia la operacion de guardado de ''  con id= 1
[2022-11-14 13:57:17] [ INFO ] [OdontologoDaoH2:54] Se inicia la operacion de guardado de ''  con id= 1
[2022-11-14 15:49:55] [ INFO ] [PacienteDaoH2:27] iniciando el guadado del paciente con nombre= Damian
[2022-11-14 15:49:55] [ INFO ] [DomicilioDaoH2:29] Iniciando una operacion de guardado de un domicilio
[2022-11-14 15:51:32] [ INFO ] [PacienteDaoH2:64] iniciando la busqueda del paciente con id= 3
[2022-11-14 15:51:32] [ INFO ] [DomicilioDaoH2:60] Iniciando una operacion de busqueda de un domicilio con id= 3
[2022-11-14 15:51:32] [ INFO ] [PacienteDaoH2:99] iniciando la actualizacion del paciente con id= 3
[2022-11-14 15:51:32] [ INFO ] [DomicilioDaoH2:89] Iniciando una operacion de actualizacion de un domicilio con id= 3
[2022-11-14 15:52:49] [ INFO ] [PacienteDaoH2:64] iniciando la busqueda del paciente con id= 7
[2022-11-14 15:56:46] [ INFO ] [PacienteDaoH2:64] iniciando la busqueda del paciente con id= 2
[2022-11-14 15:56:46] [ INFO ] [DomicilioDaoH2:60] Iniciando una operacion de busqueda de un domicilio con id= 2
[2022-11-14 16:08:32] [ INFO ] [PacienteDaoH2:28] iniciando el guadado del paciente con nombre= Damian
[2022-11-14 16:08:32] [ INFO ] [DomicilioDaoH2:29] Iniciando una operacion de guardado de un domicilio
[2022-11-14 16:08:33] [ INFO ] [PacienteDaoH2:28] iniciando el guadado del paciente con nombre= Damian
[2022-11-14 16:08:33] [ INFO ] [DomicilioDaoH2:29] Iniciando una operacion de guardado de un domicilio
[2022-11-14 16:09:22] [ INFO ] [PacienteDaoH2:65] iniciando la busqueda del paciente con id= 4
[2022-11-14 16:09:22] [ INFO ] [DomicilioDaoH2:60] Iniciando una operacion de busqueda de un domicilio con id= 4
[2022-11-14 16:09:22] [ INFO ] [PacienteDaoH2:134] iniciando la eliminacion del paciente con id= 4
[2022-11-14 16:14:38] [ INFO ] [PacienteDaoH2:158] iniciando la busqueda de todos los pacientes 
[2022-11-14 16:14:38] [ INFO ] [DomicilioDaoH2:60] Iniciando una operacion de busqueda de un domicilio con id= 1
[2022-11-14 16:14:38] [ INFO ] [DomicilioDaoH2:60] Iniciando una operacion de busqueda de un domicilio con id= 2
[2022-11-16 14:23:57] [ INFO ] [OdontologoDaoH2:54] Se inicia la operacion de guardado de ''  con id= 1
[2022-11-16 14:23:57] [ INFO ] [PacienteDaoH2:65] iniciando la busqueda del paciente con id= 1
[2022-11-16 14:23:57] [ INFO ] [DomicilioDaoH2:60] Iniciando una operacion de busqueda de un domicilio con id= 1
[2022-11-16 14:43:16] [ INFO ] [OdontologoDaoH2:54] Se inicia la operacion de guardado de ''  con id= 1
[2022-11-16 14:43:17] [ INFO ] [PacienteDaoH2:65] iniciando la busqueda del paciente con id= 1
[2022-11-16 14:43:17] [ INFO ] [DomicilioDaoH2:60] Iniciando una operacion de busqueda de un domicilio con id= 1
[2022-11-16 14:45:20] [ INFO ] [OdontologoDaoH2:54] Se inicia la operacion de guardado de ''  con id= 1
[2022-11-16 14:45:20] [ INFO ] [PacienteDaoH2:65] iniciando la busqueda del paciente con id= 1
[2022-11-16 14:45:20] [ INFO ] [DomicilioDaoH2:60] Iniciando una operacion de busqueda de un domicilio con id= 1
[2022-11-16 14:45:25] [ INFO ] [PacienteDaoH2:158] iniciando la busqueda de todos los pacientes 
[2022-11-16 14:45:25] [ INFO ] [DomicilioDaoH2:60] Iniciando una operacion de busqueda de un domicilio con id= 1
[2022-11-16 14:45:25] [ INFO ] [DomicilioDaoH2:60] Iniciando una operacion de busqueda de un domicilio con id= 2
[2022-11-16 14:46:52] [ INFO ] [OdontologoDaoH2:54] Se inicia la operacion de guardado de ''  con id= 1
[2022-11-16 14:46:52] [ INFO ] [PacienteDaoH2:65] iniciando la busqueda del paciente con id= 1
[2022-11-16 14:46:52] [ INFO ] [DomicilioDaoH2:60] Iniciando una operacion de busqueda de un domicilio con id= 1
[2022-11-16 16:04:22] [ INFO ] [OdontologoDaoH2:54] Se inicia la operacion de guardado de ''  con id= 1
[2022-11-16 16:04:22] [ INFO ] [PacienteDaoH2:65] iniciando la busqueda del paciente con id= 1
[2022-11-16 16:04:23] [ INFO ] [DomicilioDaoH2:60] Iniciando una operacion de busqueda de un domicilio con id= 1
[2022-11-16 16:08:48] [ INFO ] [PacienteDaoH2:65] iniciando la busqueda del paciente con id= 2
[2022-11-16 16:08:48] [ INFO ] [DomicilioDaoH2:60] Iniciando una operacion de busqueda de un domicilio con id= 2
[2022-11-16 16:08:59] [ INFO ] [PacienteDaoH2:158] iniciando la busqueda de todos los pacientes 
[2022-11-16 16:08:59] [ INFO ] [DomicilioDaoH2:60] Iniciando una operacion de busqueda de un domicilio con id= 1
[2022-11-16 16:08:59] [ INFO ] [DomicilioDaoH2:60] Iniciando una operacion de busqueda de un domicilio con id= 2
[2022-11-16 16:14:00] [ INFO ] [OdontologoDaoH2:54] Se inicia la operacion de guardado de ''  con id= 1
[2022-11-16 16:14:00] [ INFO ] [PacienteDaoH2:65] iniciando la busqueda del paciente con id= 10
[2022-11-16 16:14:09] [ INFO ] [OdontologoDaoH2:54] Se inicia la operacion de guardado de ''  con id= 1
[2022-11-16 16:14:09] [ INFO ] [PacienteDaoH2:65] iniciando la busqueda del paciente con id= 2
[2022-11-16 16:14:09] [ INFO ] [DomicilioDaoH2:60] Iniciando una operacion de busqueda de un domicilio con id= 2
[2022-11-16 16:14:26] [ INFO ] [OdontologoDaoH2:54] Se inicia la operacion de guardado de ''  con id= 1
[2022-11-16 16:14:26] [ INFO ] [PacienteDaoH2:65] iniciando la busqueda del paciente con id= 1
[2022-11-16 16:14:26] [ INFO ] [DomicilioDaoH2:60] Iniciando una operacion de busqueda de un domicilio con id= 1
[2022-11-16 16:20:36] [ INFO ] [OdontologoDaoH2:54] Se inicia la operacion de guardado de ''  con id= 1
[2022-11-16 16:20:36] [ INFO ] [PacienteDaoH2:65] iniciando la busqueda del paciente con id= 1
[2022-11-16 16:20:37] [ INFO ] [DomicilioDaoH2:60] Iniciando una operacion de busqueda de un domicilio con id= 1
[2022-11-16 16:54:25] [ INFO ] [OdontologoDaoH2:133] Iniciando una operacion de buequeda total de los odontologos
[2022-11-16 16:56:39] [ INFO ] [OdontologoDaoH2:133] Iniciando una operacion de buequeda total de los odontologos
[2022-11-16 16:59:10] [ INFO ] [OdontologoDaoH2:133] Iniciando una operacion de buequeda total de los odontologos
[2022-11-16 17:01:02] [ INFO ] [OdontologoDaoH2:133] Iniciando una operacion de buequeda total de los odontologos
[2022-11-16 17:04:59] [ INFO ] [OdontologoDaoH2:133] Iniciando una operacion de buequeda total de los odontologos
[2022-11-16 17:14:25] [ INFO ] [OdontologoDaoH2:133] Iniciando una operacion de buequeda total de los odontologos
[2022-11-16 17:14:46] [ INFO ] [OdontologoDaoH2:24] Se inicia la operacion de guardado de Damian
[2022-11-16 17:14:56] [ INFO ] [OdontologoDaoH2:133] Iniciando una operacion de buequeda total de los odontologos
[2022-11-16 17:50:29] [ INFO ] [OdontologoDaoH2:133] Iniciando una operacion de buequeda total de los odontologos
[2022-11-17 14:50:27] [ INFO ] [OdontologoDaoH2:133] Iniciando una operacion de buequeda total de los odontologos
[2022-11-17 14:59:32] [ INFO ] [OdontologoDaoH2:133] Iniciando una operacion de buequeda total de los odontologos
[2022-11-17 15:00:50] [ INFO ] [OdontologoDaoH2:133] Iniciando una operacion de buequeda total de los odontologos
[2022-11-17 15:01:43] [ INFO ] [OdontologoDaoH2:133] Iniciando una operacion de buequeda total de los odontologos
[2022-11-17 15:02:44] [ INFO ] [OdontologoDaoH2:133] Iniciando una operacion de buequeda total de los odontologos
[2022-11-17 15:03:23] [ INFO ] [OdontologoDaoH2:133] Iniciando una operacion de buequeda total de los odontologos
[2022-11-17 15:04:01] [ INFO ] [OdontologoDaoH2:133] Iniciando una operacion de buequeda total de los odontologos
[2022-11-17 15:13:58] [ INFO ] [OdontologoDaoH2:133] Iniciando una operacion de buequeda total de los odontologos
[2022-11-17 15:15:37] [ INFO ] [OdontologoDaoH2:24] Se inicia la operacion de guardado de Damian
[2022-11-17 15:15:49] [ INFO ] [OdontologoDaoH2:133] Iniciando una operacion de buequeda total de los odontologos
[2022-11-17 15:19:28] [ INFO ] [OdontologoDaoH2:133] Iniciando una operacion de buequeda total de los odontologos
[2022-11-17 15:20:32] [ INFO ] [OdontologoDaoH2:133] Iniciando una operacion de buequeda total de los odontologos
[2022-11-17 15:23:30] [ INFO ] [OdontologoDaoH2:133] Iniciando una operacion de buequeda total de los odontologos
[2022-11-17 16:14:39] [ INFO ] [OdontologoDaoH2:133] Iniciando una operacion de buequeda total de los odontologos
[2022-11-17 16:15:37] [ INFO ] [OdontologoDaoH2:133] Iniciando una operacion de buequeda total de los odontologos
[2022-11-17 16:23:08] [ INFO ] [OdontologoDaoH2:133] Iniciando una operacion de buequeda total de los odontologos
[2022-11-17 16:23:19] [ INFO ] [OdontologoDaoH2:133] Iniciando una operacion de buequeda total de los odontologos
[2022-11-17 16:23:26] [ INFO ] [OdontologoDaoH2:24] Se inicia la operacion de guardado de Damian
[2022-11-17 16:23:29] [ INFO ] [OdontologoDaoH2:133] Iniciando una operacion de buequeda total de los odontologos
[2022-11-17 16:23:32] [ INFO ] [OdontologoDaoH2:133] Iniciando una operacion de buequeda total de los odontologos
[2022-11-17 16:25:22] [ INFO ] [OdontologoDaoH2:133] Iniciando una operacion de buequeda total de los odontologos
[2022-11-17 16:28:14] [ INFO ] [OdontologoDaoH2:133] Iniciando una operacion de buequeda total de los odontologos
[2022-11-17 16:28:25] [ INFO ] [OdontologoDaoH2:24] Se inicia la operacion de guardado de Damian
[2022-11-17 16:28:28] [ INFO ] [OdontologoDaoH2:133] Iniciando una operacion de buequeda total de los odontologos
[2022-11-17 16:29:40] [ INFO ] [OdontologoDaoH2:24] Se inicia la operacion de guardado de Carlos
[2022-11-17 16:29:49] [ INFO ] [OdontologoDaoH2:24] Se inicia la operacion de guardado de dd
[2022-11-17 16:29:54] [ INFO ] [OdontologoDaoH2:133] Iniciando una operacion de buequeda total de los odontologos
[2022-11-17 16:31:57] [ INFO ] [OdontologoDaoH2:133] Iniciando una operacion de buequeda total de los odontologos
[2022-11-17 16:32:10] [ INFO ] [OdontologoDaoH2:24] Se inicia la operacion de guardado de Damian
[2022-11-17 16:32:15] [ INFO ] [OdontologoDaoH2:24] Se inicia la operacion de guardado de Carlos
[2022-11-17 16:32:23] [ INFO ] [OdontologoDaoH2:24] Se inicia la operacion de guardado de dd
[2022-11-17 16:32:26] [ INFO ] [OdontologoDaoH2:133] Iniciando una operacion de buequeda total de los odontologos
[2022-11-17 16:49:01] [ INFO ] [OdontologoDaoH2:133] Iniciando una operacion de buequeda total de los odontologos
[2022-11-17 16:50:17] [ INFO ] [OdontologoDaoH2:133] Iniciando una operacion de buequeda total de los odontologos
[2022-11-17 17:23:32] [ INFO ] [OdontologoDaoH2:54] Se inicia la operacion de guardado de ''  con id= 1
[2022-11-17 17:23:32] [ INFO ] [OdontologoDaoH2:54] Se inicia la operacion de guardado de ''  con id= 1
[2022-11-17 17:25:51] [ INFO ] [OdontologoDaoH2:54] Se inicia la operacion de busqueda  con id= 1
[2022-11-17 17:25:52] [ INFO ] [OdontologoDaoH2:54] Se inicia la operacion de busqueda  con id= 1
[2022-11-17 17:33:32] [ INFO ] [OdontologoDaoH2:54] Se inicia la operacion de busqueda del odontologo con id= 1
[2022-11-17 17:33:33] [ INFO ] [OdontologoDaoH2:54] Se inicia la operacion de busqueda del odontologo con id= 1
[2022-11-17 17:39:26] [ INFO ] [OdontologoDaoH2:54] Se inicia la operacion de busqueda del odontologo con id= 1
[2022-11-17 17:39:26] [ INFO ] [OdontologoDaoH2:54] Se inicia la operacion de busqueda del odontologo con id= 1
[2022-11-17 17:50:16] [ INFO ] [OdontologoDaoH2:54] Se inicia la operacion de busqueda del odontologo con id= 1
[2022-11-17 17:50:16] [ INFO ] [OdontologoDaoH2:54] Se inicia la operacion de busqueda del odontologo con id= 1
[2022-11-17 17:52:26] [ INFO ] [OdontologoDaoH2:54] Se inicia la operacion de busqueda del odontologo con id= 1
[2022-11-17 17:52:27] [ INFO ] [OdontologoDaoH2:54] Se inicia la operacion de busqueda del odontologo con id= 1
[2022-11-17 17:58:33] [ INFO ] [OdontologoDaoH2:54] Se inicia la operacion de busqueda del odontologo con id= 1
[2022-11-17 17:58:33] [ INFO ] [OdontologoDaoH2:54] Se inicia la operacion de busqueda del odontologo con id= 1
[2022-11-17 17:59:38] [ INFO ] [OdontologoDaoH2:133] Iniciando una operacion de buequeda total de los odontologos
[2022-11-17 17:59:54] [ INFO ] [OdontologoDaoH2:54] Se inicia la operacion de busqueda del odontologo con id= 1
[2022-11-17 17:59:54] [ INFO ] [OdontologoDaoH2:54] Se inicia la operacion de busqueda del odontologo con id= 1
[2022-11-17 18:21:42] [ INFO ] [OdontologoDaoH2:24] Se inicia la operacion de guardado de Damian
[2022-11-17 18:21:58] [ INFO ] [OdontologoDaoH2:133] Iniciando una operacion de buequeda total de los odontologos
[2022-11-17 18:22:22] [ INFO ] [OdontologoDaoH2:54] Se inicia la operacion de busqueda del odontologo con id= 1
[2022-11-17 18:22:22] [ INFO ] [OdontologoDaoH2:54] Se inicia la operacion de busqueda del odontologo con id= 1
[2022-11-17 19:00:26] [ INFO ] [OdontologoDaoH2:54] Se inicia la operacion de busqueda del odontologo con id= 1
[2022-11-17 19:00:26] [ INFO ] [OdontologoDaoH2:54] Se inicia la operacion de busqueda del odontologo con id= 1
[2022-11-17 19:03:07] [ INFO ] [OdontologoDaoH2:54] Se inicia la operacion de busqueda del odontologo con id= 1
[2022-11-17 19:03:07] [ INFO ] [OdontologoDaoH2:54] Se inicia la operacion de busqueda del odontologo con id= 1
[2022-11-17 19:09:06] [ INFO ] [OdontologoDaoH2:54] Se inicia la operacion de busqueda del odontologo con id= 1
[2022-11-17 19:09:06] [ INFO ] [OdontologoDaoH2:54] Se inicia la operacion de busqueda del odontologo con id= 1
[2022-11-17 19:10:43] [ INFO ] [OdontologoDaoH2:54] Se inicia la operacion de busqueda del odontologo con id= 1
[2022-11-17 19:10:43] [ INFO ] [OdontologoDaoH2:54] Se inicia la operacion de busqueda del odontologo con id= 1
[2022-11-17 19:15:39] [ INFO ] [OdontologoDaoH2:54] Se inicia la operacion de busqueda del odontologo con id= 1
[2022-11-17 19:15:39] [ INFO ] [OdontologoDaoH2:54] Se inicia la operacion de busqueda del odontologo con id= 1
[2022-11-17 19:17:10] [ INFO ] [OdontologoDaoH2:54] Se inicia la operacion de busqueda del odontologo con id= 1
[2022-11-17 19:17:10] [ INFO ] [OdontologoDaoH2:54] Se inicia la operacion de busqueda del odontologo con id= 1
[2022-11-17 19:18:26] [ INFO ] [OdontologoDaoH2:54] Se inicia la operacion de busqueda del odontologo con id= 1
[2022-11-17 19:18:26] [ INFO ] [OdontologoDaoH2:54] Se inicia la operacion de busqueda del odontologo con id= 1
[2022-11-17 19:19:20] [ INFO ] [OdontologoDaoH2:133] Iniciando una operacion de buequeda total de los odontologos
[2022-11-17 19:20:39] [ INFO ] [OdontologoDaoH2:133] Iniciando una operacion de buequeda total de los odontologos
[2022-11-17 21:17:03] [ INFO ] [OdontologoDaoH2:133] Iniciando una operacion de buequeda total de los odontologos
[2022-11-17 21:17:08] [ INFO ] [OdontologoDaoH2:54] Se inicia la operacion de busqueda del odontologo con id= 1
[2022-11-17 21:17:08] [ INFO ] [OdontologoDaoH2:54] Se inicia la operacion de busqueda del odontologo con id= 1
[2022-11-17 21:24:38] [ INFO ] [OdontologoDaoH2:54] Se inicia la operacion de busqueda del odontologo con id= 1
[2022-11-17 21:24:39] [ INFO ] [OdontologoDaoH2:54] Se inicia la operacion de busqueda del odontologo con id= 1
[2022-11-17 21:26:16] [ INFO ] [OdontologoDaoH2:54] Se inicia la operacion de busqueda del odontologo con id= 1
[2022-11-17 21:26:16] [ INFO ] [OdontologoDaoH2:54] Se inicia la operacion de busqueda del odontologo con id= 1
[2022-11-17 21:27:10] [ INFO ] [OdontologoDaoH2:54] Se inicia la operacion de busqueda del odontologo con id= 1
[2022-11-17 21:27:11] [ INFO ] [OdontologoDaoH2:54] Se inicia la operacion de busqueda del odontologo con id= 1
[2022-11-17 21:28:41] [ INFO ] [OdontologoDaoH2:133] Iniciando una operacion de buequeda total de los odontologos
[2022-11-17 21:28:49] [ INFO ] [OdontologoDaoH2:133] Iniciando una operacion de buequeda total de los odontologos
[2022-11-17 21:29:03] [ INFO ] [OdontologoDaoH2:133] Iniciando una operacion de buequeda total de los odontologos
[2022-11-17 21:29:33] [ INFO ] [OdontologoDaoH2:133] Iniciando una operacion de buequeda total de los odontologos
[2022-11-17 21:29:34] [ INFO ] [OdontologoDaoH2:133] Iniciando una operacion de buequeda total de los odontologos
[2022-11-17 21:29:34] [ INFO ] [OdontologoDaoH2:133] Iniciando una operacion de buequeda total de los odontologos
[2022-11-17 21:29:35] [ INFO ] [OdontologoDaoH2:133] Iniciando una operacion de buequeda total de los odontologos
[2022-11-17 21:29:39] [ INFO ] [OdontologoDaoH2:133] Iniciando una operacion de buequeda total de los odontologos
[2022-11-17 21:30:47] [ INFO ] [OdontologoDaoH2:133] Iniciando una operacion de buequeda total de los odontologos
[2022-11-17 21:31:19] [ INFO ] [OdontologoDaoH2:54] Se inicia la operacion de busqueda del odontologo con id= 1
[2022-11-17 21:31:20] [ INFO ] [OdontologoDaoH2:54] Se inicia la operacion de busqueda del odontologo con id= 1
[2022-11-17 21:33:22] [ INFO ] [OdontologoDaoH2:54] Se inicia la operacion de busqueda del odontologo con id= 1
[2022-11-17 21:33:22] [ INFO ] [OdontologoDaoH2:54] Se inicia la operacion de busqueda del odontologo con id= 1
[2022-11-17 21:34:13] [ INFO ] [OdontologoDaoH2:54] Se inicia la operacion de busqueda del odontologo con id= 1
[2022-11-17 21:34:13] [ INFO ] [OdontologoDaoH2:54] Se inicia la operacion de busqueda del odontologo con id= 1
[2022-11-17 21:35:05] [ INFO ] [OdontologoDaoH2:133] Iniciando una operacion de buequeda total de los odontologos
[2022-11-17 21:36:11] [ INFO ] [OdontologoDaoH2:133] Iniciando una operacion de buequeda total de los odontologos
[2022-11-17 21:38:50] [ INFO ] [OdontologoDaoH2:133] Iniciando una operacion de buequeda total de los odontologos
[2022-11-17 21:40:35] [ INFO ] [OdontologoDaoH2:133] Iniciando una operacion de buequeda total de los odontologos
[2022-11-17 21:40:53] [ INFO ] [OdontologoDaoH2:54] Se inicia la operacion de busqueda del odontologo con id= 1
[2022-11-17 21:40:54] [ INFO ] [OdontologoDaoH2:54] Se inicia la operacion de busqueda del odontologo con id= 1
[2022-11-17 21:42:39] [ INFO ] [OdontologoDaoH2:133] Iniciando una operacion de buequeda total de los odontologos
[2022-11-17 21:43:49] [ INFO ] [OdontologoDaoH2:133] Iniciando una operacion de buequeda total de los odontologos
[2022-11-17 21:47:57] [ INFO ] [OdontologoDaoH2:54] Se inicia la operacion de busqueda del odontologo con id= 1
[2022-11-17 21:47:57] [ INFO ] [OdontologoDaoH2:54] Se inicia la operacion de busqueda del odontologo con id= 1
[2022-11-17 21:49:09] [ INFO ] [OdontologoDaoH2:54] Se inicia la operacion de busqueda del odontologo con id= 1
[2022-11-17 21:49:10] [ INFO ] [OdontologoDaoH2:54] Se inicia la operacion de busqueda del odontologo con id= 1
[2022-11-18 11:49:36] [ INFO ] [OdontologoDaoH2:25] Se inicia la operacion de guardado de Damian
[2022-11-18 11:49:41] [ INFO ] [OdontologoDaoH2:25] Se inicia la operacion de guardado de Carlos
[2022-11-18 11:49:48] [ INFO ] [OdontologoDaoH2:25] Se inicia la operacion de guardado de Damian
[2022-11-18 11:49:58] [ INFO ] [OdontologoDaoH2:134] Iniciando una operacion de buequeda total de los odontologos
[2022-11-18 11:50:09] [ INFO ] [OdontologoDaoH2:55] Se inicia la operacion de busqueda del odontologo con id= 2
[2022-11-18 11:50:10] [ INFO ] [OdontologoDaoH2:55] Se inicia la operacion de busqueda del odontologo con id= 2
[2022-11-18 12:13:23] [ INFO ] [OdontologoDaoH2:134] Iniciando una operacion de buequeda total de los odontologos
[2022-11-18 12:13:26] [ INFO ] [OdontologoDaoH2:134] Iniciando una operacion de buequeda total de los odontologos
[2022-11-18 12:13:35] [ INFO ] [OdontologoDaoH2:25] Se inicia la operacion de guardado de Damian
[2022-11-18 12:13:40] [ INFO ] [OdontologoDaoH2:25] Se inicia la operacion de guardado de Carlos
[2022-11-18 12:13:46] [ INFO ] [OdontologoDaoH2:25] Se inicia la operacion de guardado de dd
[2022-11-18 12:13:48] [ INFO ] [OdontologoDaoH2:134] Iniciando una operacion de buequeda total de los odontologos
[2022-11-18 12:13:51] [ INFO ] [OdontologoDaoH2:134] Iniciando una operacion de buequeda total de los odontologos
[2022-11-18 12:14:54] [ INFO ] [OdontologoDaoH2:134] Iniciando una operacion de buequeda total de los odontologos
[2022-11-18 12:15:07] [ INFO ] [OdontologoDaoH2:25] Se inicia la operacion de guardado de Damian
[2022-11-18 12:15:10] [ INFO ] [OdontologoDaoH2:25] Se inicia la operacion de guardado de Carlos
[2022-11-18 12:15:16] [ INFO ] [OdontologoDaoH2:25] Se inicia la operacion de guardado de dd
[2022-11-18 12:15:27] [ INFO ] [OdontologoDaoH2:25] Se inicia la operacion de guardado de cccc
[2022-11-18 12:15:30] [ INFO ] [OdontologoDaoH2:134] Iniciando una operacion de buequeda total de los odontologos
[2022-11-18 12:15:36] [ INFO ] [OdontologoDaoH2:134] Iniciando una operacion de buequeda total de los odontologos
[2022-11-18 12:15:39] [ INFO ] [OdontologoDaoH2:134] Iniciando una operacion de buequeda total de los odontologos
[2022-11-18 12:21:25] [ INFO ] [OdontologoDaoH2:25] Se inicia la operacion de guardado de Damian
[2022-11-18 12:21:30] [ INFO ] [OdontologoDaoH2:25] Se inicia la operacion de guardado de Carlos
[2022-11-18 12:21:36] [ INFO ] [OdontologoDaoH2:25] Se inicia la operacion de guardado de Damian
[2022-11-18 12:21:42] [ INFO ] [OdontologoDaoH2:134] Iniciando una operacion de buequeda total de los odontologos
[2022-11-18 12:21:53] [ INFO ] [OdontologoDaoH2:134] Iniciando una operacion de buequeda total de los odontologos
[2022-11-18 12:28:37] [ INFO ] [OdontologoDaoH2:25] Se inicia la operacion de guardado de Damian
[2022-11-18 12:28:43] [ INFO ] [OdontologoDaoH2:25] Se inicia la operacion de guardado de Carlos
[2022-11-18 12:28:48] [ INFO ] [OdontologoDaoH2:25] Se inicia la operacion de guardado de Damian
[2022-11-18 12:30:28] [ INFO ] [OdontologoDaoH2:134] Iniciando una operacion de buequeda total de los odontologos
[2022-11-18 12:30:46] [ INFO ] [OdontologoDaoH2:55] Se inicia la operacion de busqueda del odontologo con id= 1
[2022-11-18 12:30:46] [ INFO ] [OdontologoDaoH2:111] Se inicia la operacion de eliminacion de ''  con id= 1
[2022-11-18 12:30:47] [ INFO ] [OdontologoDaoH2:134] Iniciando una operacion de buequeda total de los odontologos
[2022-11-18 12:31:09] [ INFO ] [OdontologoDaoH2:134] Iniciando una operacion de buequeda total de los odontologos
[2022-11-18 12:31:35] [ INFO ] [OdontologoDaoH2:55] Se inicia la operacion de busqueda del odontologo con id= 2
[2022-11-18 12:31:35] [ INFO ] [OdontologoDaoH2:55] Se inicia la operacion de busqueda del odontologo con id= 2
[2022-11-18 12:32:18] [ INFO ] [OdontologoDaoH2:55] Se inicia la operacion de busqueda del odontologo con id= 2
[2022-11-18 12:32:18] [ INFO ] [OdontologoDaoH2:55] Se inicia la operacion de busqueda del odontologo con id= 2
[2022-11-19 00:18:14] [ INFO ] [OdontologoDaoH2:25] Se inicia la operacion de guardado de Damian
[2022-11-19 00:18:19] [ INFO ] [OdontologoDaoH2:25] Se inicia la operacion de guardado de Carlos
[2022-11-19 00:18:31] [ INFO ] [OdontologoDaoH2:25] Se inicia la operacion de guardado de Natali
[2022-11-19 00:18:40] [ INFO ] [OdontologoDaoH2:134] Iniciando una operacion de buequeda total de los odontologos
[2022-11-19 00:18:45] [ INFO ] [OdontologoDaoH2:55] Se inicia la operacion de busqueda del odontologo con id= 2
[2022-11-19 00:18:45] [ INFO ] [OdontologoDaoH2:134] Iniciando una operacion de buequeda total de los odontologos
[2022-11-19 00:18:45] [ INFO ] [OdontologoDaoH2:111] Se inicia la operacion de eliminacion de ''  con id= 2
[2022-11-19 00:18:47] [ INFO ] [OdontologoDaoH2:134] Iniciando una operacion de buequeda total de los odontologos
[2022-11-19 00:22:20] [ INFO ] [OdontologoDaoH2:25] Se inicia la operacion de guardado de Damian
[2022-11-19 00:22:26] [ INFO ] [OdontologoDaoH2:25] Se inicia la operacion de guardado de Carlos
[2022-11-19 00:22:39] [ INFO ] [OdontologoDaoH2:25] Se inicia la operacion de guardado de Natali
[2022-11-19 00:22:43] [ INFO ] [OdontologoDaoH2:134] Iniciando una operacion de buequeda total de los odontologos
[2022-11-19 00:23:07] [ INFO ] [OdontologoDaoH2:55] Se inicia la operacion de busqueda del odontologo con id= 2
[2022-11-19 00:23:07] [ INFO ] [OdontologoDaoH2:85] Se inicia la operacion de actualizacion de con id=  2
[2022-11-19 00:23:13] [ INFO ] [OdontologoDaoH2:134] Iniciando una operacion de buequeda total de los odontologos
[2022-11-19 00:23:37] [ INFO ] [OdontologoDaoH2:55] Se inicia la operacion de busqueda del odontologo con id= 3
[2022-11-19 00:23:37] [ INFO ] [OdontologoDaoH2:134] Iniciando una operacion de buequeda total de los odontologos
[2022-11-19 00:23:37] [ INFO ] [OdontologoDaoH2:111] Se inicia la operacion de eliminacion de ''  con id= 3
[2022-11-19 00:23:39] [ INFO ] [OdontologoDaoH2:134] Iniciando una operacion de buequeda total de los odontologos
[2022-11-19 00:23:58] [ INFO ] [OdontologoDaoH2:55] Se inicia la operacion de busqueda del odontologo con id= 1
[2022-11-19 00:23:58] [ INFO ] [OdontologoDaoH2:55] Se inicia la operacion de busqueda del odontologo con id= 1
[2022-11-19 00:26:05] [ INFO ] [OdontologoDaoH2:55] Se inicia la operacion de busqueda del odontologo con id= 1
[2022-11-19 00:26:05] [ INFO ] [OdontologoDaoH2:55] Se inicia la operacion de busqueda del odontologo con id= 1
[2022-11-19 00:26:13] [ INFO ] [OdontologoDaoH2:55] Se inicia la operacion de busqueda del odontologo con id= 1
[2022-11-19 00:26:13] [ INFO ] [OdontologoDaoH2:55] Se inicia la operacion de busqueda del odontologo con id= 1
[2022-11-19 00:27:49] [ INFO ] [OdontologoDaoH2:55] Se inicia la operacion de busqueda del odontologo con id= 1
[2022-11-19 00:27:49] [ INFO ] [OdontologoDaoH2:55] Se inicia la operacion de busqueda del odontologo con id= 1
[2022-11-19 00:28:05] [ INFO ] [OdontologoDaoH2:55] Se inicia la operacion de busqueda del odontologo con id= 1
[2022-11-19 00:28:05] [ INFO ] [OdontologoDaoH2:55] Se inicia la operacion de busqueda del odontologo con id= 1
[2022-11-19 00:28:45] [ INFO ] [OdontologoDaoH2:55] Se inicia la operacion de busqueda del odontologo con id= 1
[2022-11-19 00:28:45] [ INFO ] [OdontologoDaoH2:55] Se inicia la operacion de busqueda del odontologo con id= 1
[2022-11-19 00:29:10] [ INFO ] [OdontologoDaoH2:55] Se inicia la operacion de busqueda del odontologo con id= 1
[2022-11-19 00:29:10] [ INFO ] [OdontologoDaoH2:55] Se inicia la operacion de busqueda del odontologo con id= 1
[2022-11-19 00:29:23] [ INFO ] [OdontologoDaoH2:55] Se inicia la operacion de busqueda del odontologo con id= 1
[2022-11-19 00:29:24] [ INFO ] [OdontologoDaoH2:55] Se inicia la operacion de busqueda del odontologo con id= 1
[2022-11-19 00:30:38] [ INFO ] [OdontologoDaoH2:55] Se inicia la operacion de busqueda del odontologo con id= 1
[2022-11-19 00:30:38] [ INFO ] [OdontologoDaoH2:55] Se inicia la operacion de busqueda del odontologo con id= 1
[2022-11-19 00:30:58] [ INFO ] [OdontologoDaoH2:55] Se inicia la operacion de busqueda del odontologo con id= 1
[2022-11-19 00:30:58] [ INFO ] [OdontologoDaoH2:55] Se inicia la operacion de busqueda del odontologo con id= 1
[2022-11-19 00:32:46] [ INFO ] [OdontologoDaoH2:55] Se inicia la operacion de busqueda del odontologo con id= 1
[2022-11-19 00:32:46] [ INFO ] [OdontologoDaoH2:55] Se inicia la operacion de busqueda del odontologo con id= 1
[2022-11-19 00:35:02] [ INFO ] [OdontologoDaoH2:55] Se inicia la operacion de busqueda del odontologo con id= 1
[2022-11-19 00:35:02] [ INFO ] [OdontologoDaoH2:55] Se inicia la operacion de busqueda del odontologo con id= 1
[2022-11-19 00:47:40] [ INFO ] [OdontologoDaoH2:55] Se inicia la operacion de busqueda del odontologo con id= 1
[2022-11-19 00:47:40] [ INFO ] [OdontologoDaoH2:55] Se inicia la operacion de busqueda del odontologo con id= 1
[2022-11-19 00:48:38] [ INFO ] [OdontologoDaoH2:25] Se inicia la operacion de guardado de damian
[2022-11-19 00:48:51] [ INFO ] [OdontologoDaoH2:25] Se inicia la operacion de guardado de carlos
[2022-11-19 00:48:56] [ INFO ] [OdontologoDaoH2:134] Iniciando una operacion de buequeda total de los odontologos
[2022-11-19 00:49:04] [ INFO ] [OdontologoDaoH2:55] Se inicia la operacion de busqueda del odontologo con id= 2
[2022-11-19 00:49:04] [ INFO ] [OdontologoDaoH2:134] Iniciando una operacion de buequeda total de los odontologos
[2022-11-19 00:49:04] [ INFO ] [OdontologoDaoH2:111] Se inicia la operacion de eliminacion del odontologo con id= 2
[2022-11-19 00:49:07] [ INFO ] [OdontologoDaoH2:134] Iniciando una operacion de buequeda total de los odontologos
[2022-11-19 00:49:30] [ INFO ] [OdontologoDaoH2:55] Se inicia la operacion de busqueda del odontologo con id= 3
[2022-11-19 00:49:31] [ INFO ] [OdontologoDaoH2:85] Se inicia la operacion de actualizacion del odontologo con id=  3
[2022-11-19 00:49:36] [ INFO ] [OdontologoDaoH2:134] Iniciando una operacion de buequeda total de los odontologos
[2022-11-19 00:49:46] [ INFO ] [OdontologoDaoH2:55] Se inicia la operacion de busqueda del odontologo con id= 1
[2022-11-19 00:49:46] [ INFO ] [OdontologoDaoH2:55] Se inicia la operacion de busqueda del odontologo con id= 1
[2022-11-19 00:52:20] [ INFO ] [OdontologoDaoH2:134] Iniciando una operacion de buequeda total de los odontologos
